[20920:3760:0811/122146.493:INFO:components\enterprise\browser\controller\chrome_browser_cloud_management_controller.cc:202] No machine level policy manager exists.
[13716:19528:0811/122146.615:INFO:third_party\webrtc\rtc_base\cpu_info.cc:57] Available number of cores: 12
[18804:12436:0811/122146.621:INFO:third_party\webrtc\rtc_base\cpu_info.cc:57] Available number of cores: 12
[16420:4384:0811/122146.871:VERBOSE1:components\viz\service\main\viz_main_impl.cc:86] VizNullHypothesis is disabled (not a warning)
[12816:6460:0811/122147.060:INFO:third_party\webrtc\rtc_base\cpu_info.cc:57] Available number of cores: 12
[16092:21268:0811/122147.075:INFO:third_party\webrtc\rtc_base\cpu_info.cc:57] Available number of cores: 12
[20988:15356:0811/122147.334:INFO:third_party\webrtc\rtc_base\cpu_info.cc:57] Available number of cores: 12
[15108:19280:0811/122147.828:INFO:third_party\webrtc\rtc_base\cpu_info.cc:57] Available number of cores: 12
[20920:3760:0811/122149.274:INFO:CONSOLE:250] "
%cStop! font-family:helvetica; font-size:20px; font-size:50px; font-weight:bold; color:red; -webkit-text-stroke:1px black;", source: https://static.cdninstagram.com/rsrc.php/v4/yB/r/v6q6bKv8eOd.js (250)
[20920:3760:0811/122149.274:INFO:CONSOLE:250] "
%cThis is a browser feature intended for developers. If someone told you to copy-paste something here to enable an Instagram feature or "hack" someone's account, it is a scam and will give them access to your Instagram account. font-family:helvetica; font-size:20px; ", source: https://static.cdninstagram.com/rsrc.php/v4/yB/r/v6q6bKv8eOd.js (250)
[20920:3760:0811/122149.274:INFO:CONSOLE:250] "
%cSee https://www.facebook.com/selfxss for more information. font-family:helvetica; font-size:20px; ", source: https://static.cdninstagram.com/rsrc.php/v4/yB/r/v6q6bKv8eOd.js (250)
[20920:3760:0811/122149.274:INFO:CONSOLE:250] "
%c ", source: https://static.cdninstagram.com/rsrc.php/v4/yB/r/v6q6bKv8eOd.js (250)
[20920:3760:0811/122156.401:INFO:CONSOLE:89] "ErrorUtils caught an error:

DTSG response is not valid: {"__ar":1,"error":1357004,"errorSummary":"Sorry, something went wrong","errorDescription":"Please try closing and re-opening your browser window.","isNotCritical":1,"rid":"AhGoc4pqql_IeSk7M7X4Lv-","payload":null,"lid":"7537217141607681857"}'

Subsequent non-fatal errors won't be logged; see https://fburl.com/debugjs. [object Object]", source: https://static.cdninstagram.com/rsrc.php/v4/yk/r/5WTH4A0Vzxr.js (89)
[20920:3760:0811/122156.764:INFO:CONSOLE:0] "Banner not shown: beforeinstallpromptevent.preventDefault() called. The page must call beforeinstallpromptevent.prompt() to show the banner.", source: https://www.instagram.com/ (0)
[4144:4032:0811/122159.478:INFO:third_party\webrtc\rtc_base\cpu_info.cc:57] Available number of cores: 12
[20920:4308:0811/122201.094:ERROR:google_apis\gcm\engine\registration_request.cc:291] Registration response error message: DEPRECATED_ENDPOINT
[18156:7632:0811/122204.749:INFO:third_party\webrtc\rtc_base\cpu_info.cc:57] Available number of cores: 12
[20920:3760:0811/122204.763:INFO:CONSOLE:246] "Permissions policy violation: unload is not allowed in this document.", source: https://static.xx.fbcdn.net/rsrc.php/v4/yB/r/v6q6bKv8eOd.js (246)
[20920:4308:0811/122226.347:ERROR:google_apis\gcm\engine\registration_request.cc:291] Registration response error message: DEPRECATED_ENDPOINT
