[3928:19044:0811/123618.488:INFO:components\enterprise\browser\controller\chrome_browser_cloud_management_controller.cc:202] No machine level policy manager exists.
[15024:19040:0811/123618.610:INFO:third_party\webrtc\rtc_base\cpu_info.cc:57] Available number of cores: 12
[21052:7920:0811/123618.624:INFO:third_party\webrtc\rtc_base\cpu_info.cc:57] Available number of cores: 12
[12988:21020:0811/123618.820:VERBOSE1:components\viz\service\main\viz_main_impl.cc:86] VizNullHypothesis is disabled (not a warning)
[4536:14960:0811/123619.023:INFO:third_party\webrtc\rtc_base\cpu_info.cc:57] Available number of cores: 12
[8808:13528:0811/123619.038:INFO:third_party\webrtc\rtc_base\cpu_info.cc:57] Available number of cores: 12
[9616:5728:0811/123619.249:INFO:third_party\webrtc\rtc_base\cpu_info.cc:57] Available number of cores: 12
[17400:19524:0811/123619.808:INFO:third_party\webrtc\rtc_base\cpu_info.cc:57] Available number of cores: 12
[3928:19044:0811/123620.894:INFO:CONSOLE:250] "
%cStop! font-family:helvetica; font-size:20px; font-size:50px; font-weight:bold; color:red; -webkit-text-stroke:1px black;", source: https://static.cdninstagram.com/rsrc.php/v4/yB/r/v6q6bKv8eOd.js (250)
[3928:19044:0811/123620.894:INFO:CONSOLE:250] "
%cThis is a browser feature intended for developers. If someone told you to copy-paste something here to enable an Instagram feature or "hack" someone's account, it is a scam and will give them access to your Instagram account. font-family:helvetica; font-size:20px; ", source: https://static.cdninstagram.com/rsrc.php/v4/yB/r/v6q6bKv8eOd.js (250)
[3928:19044:0811/123620.894:INFO:CONSOLE:250] "
%cSee https://www.facebook.com/selfxss for more information. font-family:helvetica; font-size:20px; ", source: https://static.cdninstagram.com/rsrc.php/v4/yB/r/v6q6bKv8eOd.js (250)
[3928:19044:0811/123620.894:INFO:CONSOLE:250] "
%c ", source: https://static.cdninstagram.com/rsrc.php/v4/yB/r/v6q6bKv8eOd.js (250)
[12988:15248:0811/123621.141:WARNING:ui\gl\angle_platform_impl.cc:54] HLSLCompiler.cpp:250 (rx::HLSLCompiler::compileToBinary): 
C:\fakepath(136,3-70): warning X3557: loop only executes for 1 iteration(s), forcing loop to unroll

[3928:19044:0811/123621.273:INFO:CONSOLE:0] "Banner not shown: beforeinstallpromptevent.preventDefault() called. The page must call beforeinstallpromptevent.prompt() to show the banner.", source: https://www.instagram.com/ (0)
[3928:19044:0811/123622.644:INFO:CONSOLE:89] "ErrorUtils caught an error:

DTSG response is not valid: {"__ar":1,"error":1357004,"errorSummary":"Sorry, something went wrong","errorDescription":"Please try closing and re-opening your browser window.","isNotCritical":1,"rid":"ALD_jiWcWFAlCwRr9daP5H_","payload":null,"lid":"7537220873027280624"}'

Subsequent non-fatal errors won't be logged; see https://fburl.com/debugjs. [object Object]", source: https://static.cdninstagram.com/rsrc.php/v4/yk/r/5WTH4A0Vzxr.js (89)
[3928:14632:0811/123624.147:ERROR:google_apis\gcm\engine\registration_request.cc:291] Registration response error message: DEPRECATED_ENDPOINT
[13516:17044:0811/123624.294:INFO:third_party\webrtc\rtc_base\cpu_info.cc:57] Available number of cores: 12
[3928:19044:0811/123624.341:INFO:CONSOLE:246] "Permissions policy violation: unload is not allowed in this document.", source: https://static.xx.fbcdn.net/rsrc.php/v4/yB/r/v6q6bKv8eOd.js (246)
[3928:14632:0811/123649.226:ERROR:google_apis\gcm\engine\registration_request.cc:291] Registration response error message: DEPRECATED_ENDPOINT
[19876:14996:0811/123721.342:WARNING:net\extras\sqlite\sqlite_persistent_store_backend_base.cc:176] Failed to post task from FlushAndNotifyInBackground@net\extras\sqlite\sqlite_persistent_store_backend_base.cc:226 to client_task_runner_.
[19876:14996:0811/123721.342:WARNING:net\extras\sqlite\sqlite_persistent_store_backend_base.cc:176] Failed to post task from FlushAndNotifyInBackground@net\extras\sqlite\sqlite_persistent_store_backend_base.cc:226 to client_task_runner_.
